0 info it worked if it ends with ok
1 verbose cli [ 'C:\\Program Files (x86)\\nodejs\\node.exe',
1 verbose cli   'C:\\Program Files (x86)\\nodejs\\node_modules\\npm\\bin\\npm-cli.js',
1 verbose cli   'start' ]
2 info using npm@4.0.5
3 info using node@v7.4.0
4 verbose run-script [ 'prestart', 'start', 'poststart' ]
5 info lifecycle pr-js@2.0.0~prestart: pr-js@2.0.0
6 silly lifecycle pr-js@2.0.0~prestart: no script for prestart, continuing
7 info lifecycle pr-js@2.0.0~start: pr-js@2.0.0
8 verbose lifecycle pr-js@2.0.0~start: unsafe-perm in lifecycle true
9 verbose lifecycle pr-js@2.0.0~start: PATH: C:\Program Files (x86)\nodejs\node_modules\npm\bin\node-gyp-bin;C:\GitHub\PR.js\v2\node_modules\.bin;C:\Program Files\Docker\Docker\Resources\bin;C:\Program Files\Python35\Scripts\;C:\Program Files\Python35\;C:\Program Files (x86)\Intel\iCLS Client\;C:\Program Files\Intel\iCLS Client\;C:\WINDOWS\system32;C:\WINDOWS;C:\WINDOWS\System32\Wbem;C:\WINDOWS\System32\WindowsPowerShell\v1.0\;C:\Program Files (x86)\Intel\Intel(R) Management Engine Components\DAL;C:\Program Files\Intel\Intel(R) Management Engine Components\DAL;C:\Program Files (x86)\Intel\Intel(R) Management Engine Components\IPT;C:\Program Files\Intel\Intel(R) Management Engine Components\IPT;c:\Program Files (x86)\HP\HP Performance Advisor;C:\Program Files\Microsoft SQL Server\120\Tools\Binn\;C:\Program Files\Microsoft SQL Server\130\Tools\Binn\;C:\Program Files (x86)\Windows Kits\10\Windows Performance Toolkit\;C:\ProgramData\chocolatey\bin;C:\Program Files\Microsoft\Web Platform Installer\;C:\Program Files (x86)\nodejs\;C:\Program Files (x86)\Microsoft SDKs\Azure\CLI\wbin;C:\Program Files\Git\cmd;C:\Program Files\MacType;C:\Program Files\dotnet\;C:\Users\wayan.REDMOND\AppData\Local\Microsoft\WindowsApps;C:\Program Files (x86)\Git\cmd;;C:\Program Files (x86)\Microsoft VS Code\bin;C:\Users\wayan.REDMOND\AppData\Roaming\npm
10 verbose lifecycle pr-js@2.0.0~start: CWD: C:\GitHub\PR.js\v2
11 silly lifecycle pr-js@2.0.0~start: Args: [ '/d /s /c', 'gulp serve' ]
12 silly lifecycle pr-js@2.0.0~start: Returned: code: 1  signal: null
13 info lifecycle pr-js@2.0.0~start: Failed to exec start script
14 verbose stack Error: pr-js@2.0.0 start: `gulp serve`
14 verbose stack Exit status 1
14 verbose stack     at EventEmitter.<anonymous> (C:\Program Files (x86)\nodejs\node_modules\npm\lib\utils\lifecycle.js:279:16)
14 verbose stack     at emitTwo (events.js:106:13)
14 verbose stack     at EventEmitter.emit (events.js:191:7)
14 verbose stack     at ChildProcess.<anonymous> (C:\Program Files (x86)\nodejs\node_modules\npm\lib\utils\spawn.js:40:14)
14 verbose stack     at emitTwo (events.js:106:13)
14 verbose stack     at ChildProcess.emit (events.js:191:7)
14 verbose stack     at maybeClose (internal/child_process.js:885:16)
14 verbose stack     at Process.ChildProcess._handle.onexit (internal/child_process.js:226:5)
15 verbose pkgid pr-js@2.0.0
16 verbose cwd C:\GitHub\PR.js\v2
17 error Windows_NT 10.0.15063
18 error argv "C:\\Program Files (x86)\\nodejs\\node.exe" "C:\\Program Files (x86)\\nodejs\\node_modules\\npm\\bin\\npm-cli.js" "start"
19 error node v7.4.0
20 error npm  v4.0.5
21 error code ELIFECYCLE
22 error pr-js@2.0.0 start: `gulp serve`
22 error Exit status 1
23 error Failed at the pr-js@2.0.0 start script 'gulp serve'.
23 error Make sure you have the latest version of node.js and npm installed.
23 error If you do, this is most likely a problem with the pr-js package,
23 error not with npm itself.
23 error Tell the author that this fails on your system:
23 error     gulp serve
23 error You can get information on how to open an issue for this project with:
23 error     npm bugs pr-js
23 error Or if that isn't available, you can get their info via:
23 error     npm owner ls pr-js
23 error There is likely additional logging output above.
24 verbose exit [ 1, true ]
